2020-05-25 17:58:58,955 [Worker-2: Loading available Gradle versions] INFO  o.e.b.c.i.u.g.PublishedGradleVersions - Gradle version information cache is out-of-date. Trying to update.
2020-05-25 17:59:46,003 [Worker-4: Importing Maven projects] INFO  o.e.m.c.i.l.LifecycleMappingFactory - Using org.eclipse.m2e.jdt.JarLifecycleMapping lifecycle mapping for MavenProject: com.rohith:springboot-postgresql-hibernate-curd:0.0.1-SNAPSHOT @ C:\Users\Rohith Reddy Tummeti\Documents\workspace-spring-tool-suite-4-4.6.0.RELEASE\springboot-postgresql-hibernate-curd\pom.xml.
2020-05-25 17:59:52,488 [Worker-4: Importing Maven projects] INFO  o.e.m.c.i.l.LifecycleMappingFactory - Using org.eclipse.m2e.jdt.JarLifecycleMapping lifecycle mapping for MavenProject: com.rohtih:Hibernate:0.0.1-SNAPSHOT @ C:\Users\Rohith Reddy Tummeti\Documents\workspace-spring-tool-suite-4-4.6.0.RELEASE\Hibernate\pom.xml.
2020-05-25 17:59:53,260 [Worker-4: Importing Maven projects] INFO  o.e.m.c.i.l.LifecycleMappingFactory - Using org.maven.ide.eclipse.wtp.WarLifecycleMapping lifecycle mapping for MavenProject: com.hospital:patients:0.0.1-SNAPSHOT @ C:\Users\Rohith Reddy Tummeti\Documents\workspace-spring-tool-suite-4-4.6.0.RELEASE\com.hospital.patients\pom.xml.
2020-05-25 17:59:53,678 [Worker-4: Importing Maven projects] INFO  o.e.m.c.i.l.LifecycleMappingFactory - Using org.maven.ide.eclipse.wtp.WarLifecycleMapping lifecycle mapping for MavenProject: com.rohith:webApplication:0.0.1-SNAPSHOT @ C:\Users\Rohith Reddy Tummeti\Documents\workspace-spring-tool-suite-4-4.6.0.RELEASE\webApplication\pom.xml.
2020-05-25 17:59:54,030 [Worker-4: Importing Maven projects] INFO  o.e.m.c.i.l.LifecycleMappingFactory - Using org.eclipse.m2e.jdt.JarLifecycleMapping lifecycle mapping for MavenProject: com.hospital:specialization:0.0.1-SNAPSHOT @ C:\Users\Rohith Reddy Tummeti\Documents\workspace-spring-tool-suite-4-4.6.0.RELEASE\com.hospital.specialization\pom.xml.
2020-05-25 17:59:54,519 [Worker-4: Importing Maven projects] INFO  o.e.m.c.i.l.LifecycleMappingFactory - Using org.eclipse.m2e.jdt.JarLifecycleMapping lifecycle mapping for MavenProject: com.rohith:h2DataBasetest:0.0.1-SNAPSHOT @ C:\Users\Rohith Reddy Tummeti\Documents\workspace-spring-tool-suite-4-4.6.0.RELEASE\h2DataBasetest\pom.xml.
2020-05-25 18:00:06,520 [Worker-4: Importing Maven projects] INFO  o.e.m.j.i.AbstractJavaProjectConfigurator - Adding source folder /com.hospital.patients/src/main/java
2020-05-25 18:00:06,521 [Worker-4: Importing Maven projects] INFO  o.e.m.j.i.AbstractJavaProjectConfigurator - Adding resource folder /com.hospital.patients/src/main/resources
2020-05-25 18:00:06,522 [Worker-4: Importing Maven projects] INFO  o.e.m.j.i.AbstractJavaProjectConfigurator - Adding resource folder /com.hospital.patients/src/main/resources
2020-05-25 18:00:06,523 [Worker-4: Importing Maven projects] INFO  o.e.m.j.i.AbstractJavaProjectConfigurator - Adding source folder /com.hospital.patients/src/test/java
2020-05-25 18:00:09,523 [Worker-4: Importing Maven projects] INFO  o.e.m.j.i.AbstractJavaProjectConfigurator - Adding source folder /h2DataBasetest/src/main/java
2020-05-25 18:00:09,523 [Worker-4: Importing Maven projects] INFO  o.e.m.j.i.AbstractJavaProjectConfigurator - Adding resource folder /h2DataBasetest/src/main/resources
2020-05-25 18:00:09,524 [Worker-4: Importing Maven projects] INFO  o.e.m.j.i.AbstractJavaProjectConfigurator - Adding resource folder /h2DataBasetest/src/main/resources
2020-05-25 18:00:09,525 [Worker-4: Importing Maven projects] INFO  o.e.m.j.i.AbstractJavaProjectConfigurator - Adding source folder /h2DataBasetest/src/test/java
2020-05-25 18:00:09,994 [Worker-4: Importing Maven projects] INFO  o.e.m.j.i.AbstractJavaProjectConfigurator - Adding source folder /springboot-postgresql-hibernate-curd/src/main/java
2020-05-25 18:00:09,995 [Worker-4: Importing Maven projects] INFO  o.e.m.j.i.AbstractJavaProjectConfigurator - Adding resource folder /springboot-postgresql-hibernate-curd/src/main/resources
2020-05-25 18:00:09,995 [Worker-4: Importing Maven projects] INFO  o.e.m.j.i.AbstractJavaProjectConfigurator - Adding resource folder /springboot-postgresql-hibernate-curd/src/main/resources
2020-05-25 18:00:09,996 [Worker-4: Importing Maven projects] INFO  o.e.m.j.i.AbstractJavaProjectConfigurator - Adding source folder /springboot-postgresql-hibernate-curd/src/test/java
2020-05-25 18:00:10,642 [Worker-4: Importing Maven projects] INFO  o.e.m.j.i.AbstractJavaProjectConfigurator - Adding source folder /com.hospital.specialization/src/main/java
2020-05-25 18:00:10,642 [Worker-4: Importing Maven projects] INFO  o.e.m.j.i.AbstractJavaProjectConfigurator - Adding resource folder /com.hospital.specialization/src/main/resources
2020-05-25 18:00:10,643 [Worker-4: Importing Maven projects] INFO  o.e.m.j.i.AbstractJavaProjectConfigurator - Adding resource folder /com.hospital.specialization/src/main/resources
2020-05-25 18:00:10,644 [Worker-4: Importing Maven projects] INFO  o.e.m.j.i.AbstractJavaProjectConfigurator - Adding source folder /com.hospital.specialization/src/test/java
2020-05-25 18:00:11,236 [Worker-4: Importing Maven projects] INFO  o.e.m.j.i.AbstractJavaProjectConfigurator - Adding source folder /webApplication/src/main/java
2020-05-25 18:00:11,237 [Worker-4: Importing Maven projects] INFO  o.e.m.j.i.AbstractJavaProjectConfigurator - Adding resource folder /webApplication/src/main/resources
2020-05-25 18:00:11,237 [Worker-4: Importing Maven projects] INFO  o.e.m.j.i.AbstractJavaProjectConfigurator - Adding resource folder /webApplication/src/main/resources
2020-05-25 18:00:11,238 [Worker-4: Importing Maven projects] INFO  o.e.m.j.i.AbstractJavaProjectConfigurator - Adding source folder /webApplication/src/test/java
2020-05-25 18:00:12,612 [Worker-4: Importing Maven projects] INFO  o.e.m.j.i.AbstractJavaProjectConfigurator - Adding source folder /Hibernate/src/main/java
2020-05-25 18:00:12,613 [Worker-4: Importing Maven projects] INFO  o.e.m.j.i.AbstractJavaProjectConfigurator - Adding source folder /Hibernate/src/test/java
2020-05-25 18:00:12,717 [Worker-4: Importing Maven projects] INFO  o.e.m.c.i.p.ProjectConfigurationManager - Imported and configured 6 project(s) in 42 sec
2020-05-25 18:00:16,273 [Worker-3: Building workspace] INFO  o.e.m.c.i.embedder.EclipseLogger - Using 'UTF-8' encoding to copy filtered resources.
2020-05-25 18:00:16,275 [Worker-3: Building workspace] INFO  o.e.m.c.i.embedder.EclipseLogger - skip non existing resourceDirectory C:\Users\Rohith Reddy Tummeti\Documents\workspace-spring-tool-suite-4-4.6.0.RELEASE\Hibernate\src\main\resources
2020-05-25 18:00:16,278 [Worker-3: Building workspace] INFO  o.e.m.c.i.embedder.EclipseLogger - Using 'UTF-8' encoding to copy filtered resources.
2020-05-25 18:00:16,279 [Worker-3: Building workspace] INFO  o.e.m.c.i.embedder.EclipseLogger - skip non existing resourceDirectory C:\Users\Rohith Reddy Tummeti\Documents\workspace-spring-tool-suite-4-4.6.0.RELEASE\Hibernate\src\test\resources
2020-05-25 18:00:19,046 [Worker-3: Building workspace] INFO  o.e.m.c.i.embedder.EclipseLogger - Using 'UTF-8' encoding to copy filtered resources.
2020-05-25 18:00:19,053 [Worker-3: Building workspace] INFO  o.e.m.c.i.embedder.EclipseLogger - Copying 1 resource
2020-05-25 18:00:19,142 [Worker-3: Building workspace] INFO  o.e.m.c.i.embedder.EclipseLogger - Copying 0 resource
2020-05-25 18:00:19,146 [Worker-3: Building workspace] INFO  o.e.m.c.i.embedder.EclipseLogger - Using 'UTF-8' encoding to copy filtered resources.
2020-05-25 18:00:19,146 [Worker-3: Building workspace] INFO  o.e.m.c.i.embedder.EclipseLogger - skip non existing resourceDirectory C:\Users\Rohith Reddy Tummeti\Documents\workspace-spring-tool-suite-4-4.6.0.RELEASE\com.hospital.patients\src\test\resources
2020-05-25 18:00:20,594 [Worker-3: Building workspace] INFO  o.e.m.c.i.embedder.EclipseLogger - Using 'UTF-8' encoding to copy filtered resources.
2020-05-25 18:00:20,595 [Worker-3: Building workspace] INFO  o.e.m.c.i.embedder.EclipseLogger - Copying 1 resource
2020-05-25 18:00:20,600 [Worker-3: Building workspace] INFO  o.e.m.c.i.embedder.EclipseLogger - Copying 0 resource
2020-05-25 18:00:20,603 [Worker-3: Building workspace] INFO  o.e.m.c.i.embedder.EclipseLogger - Using 'UTF-8' encoding to copy filtered resources.
2020-05-25 18:00:20,604 [Worker-3: Building workspace] INFO  o.e.m.c.i.embedder.EclipseLogger - skip non existing resourceDirectory C:\Users\Rohith Reddy Tummeti\Documents\workspace-spring-tool-suite-4-4.6.0.RELEASE\com.hospital.specialization\src\test\resources
2020-05-25 18:00:24,159 [Worker-0: Building workspace] INFO  o.e.m.c.i.embedder.EclipseLogger - Using 'UTF-8' encoding to copy filtered resources.
2020-05-25 18:00:24,159 [Worker-0: Building workspace] INFO  o.e.m.c.i.embedder.EclipseLogger - Copying 1 resource
2020-05-25 18:00:24,541 [Worker-0: Building workspace] INFO  o.e.m.c.i.embedder.EclipseLogger - Copying 0 resource
2020-05-25 18:00:24,546 [Worker-0: Building workspace] INFO  o.e.m.c.i.embedder.EclipseLogger - Using 'UTF-8' encoding to copy filtered resources.
2020-05-25 18:00:24,546 [Worker-0: Building workspace] INFO  o.e.m.c.i.embedder.EclipseLogger - skip non existing resourceDirectory C:\Users\Rohith Reddy Tummeti\Documents\workspace-spring-tool-suite-4-4.6.0.RELEASE\h2DataBasetest\src\test\resources
2020-05-25 18:00:26,046 [Worker-0: Building workspace] INFO  o.e.m.c.i.embedder.EclipseLogger - Using 'UTF-8' encoding to copy filtered resources.
2020-05-25 18:00:26,047 [Worker-0: Building workspace] INFO  o.e.m.c.i.embedder.EclipseLogger - Copying 1 resource
2020-05-25 18:00:26,078 [Worker-0: Building workspace] INFO  o.e.m.c.i.embedder.EclipseLogger - Copying 0 resource
2020-05-25 18:00:26,081 [Worker-0: Building workspace] INFO  o.e.m.c.i.embedder.EclipseLogger - Using 'UTF-8' encoding to copy filtered resources.
2020-05-25 18:00:26,082 [Worker-0: Building workspace] INFO  o.e.m.c.i.embedder.EclipseLogger - skip non existing resourceDirectory C:\Users\Rohith Reddy Tummeti\Documents\workspace-spring-tool-suite-4-4.6.0.RELEASE\springboot-postgresql-hibernate-curd\src\test\resources
2020-05-25 18:00:27,229 [Worker-0: Building workspace] INFO  o.e.m.c.i.embedder.EclipseLogger - Using 'UTF-8' encoding to copy filtered resources.
2020-05-25 18:00:27,230 [Worker-0: Building workspace] INFO  o.e.m.c.i.embedder.EclipseLogger - Copying 1 resource
2020-05-25 18:00:27,234 [Worker-0: Building workspace] INFO  o.e.m.c.i.embedder.EclipseLogger - Copying 0 resource
2020-05-25 18:00:27,237 [Worker-0: Building workspace] INFO  o.e.m.c.i.embedder.EclipseLogger - Using 'UTF-8' encoding to copy filtered resources.
2020-05-25 18:00:27,237 [Worker-0: Building workspace] INFO  o.e.m.c.i.embedder.EclipseLogger - skip non existing resourceDirectory C:\Users\Rohith Reddy Tummeti\Documents\workspace-spring-tool-suite-4-4.6.0.RELEASE\webApplication\src\test\resources
2020-05-25 18:00:30,289 [Worker-2: Importing Maven projects] ERROR o.e.m.c.i.p.ProjectConfigurationManager - Project comp-req-status already exists
2020-05-25 18:00:30,297 [Worker-2: Importing Maven projects] ERROR o.e.m.c.i.p.ProjectConfigurationManager - Project bhoomi-rest-api already exists
2020-05-25 18:00:30,386 [Worker-2: Importing Maven projects] ERROR o.e.m.c.i.p.ProjectConfigurationManager - Project comp-req-status already exists
2020-05-25 18:00:30,395 [Worker-2: Importing Maven projects] ERROR o.e.m.c.i.p.ProjectConfigurationManager - Project com-sftp-util-service already exists
2020-05-25 18:00:30,404 [Worker-2: Importing Maven projects] ERROR o.e.m.c.i.p.ProjectConfigurationManager - Project comp-citrix-sharefile already exists
2020-05-25 18:00:30,412 [Worker-2: Importing Maven projects] ERROR o.e.m.c.i.p.ProjectConfigurationManager - Project comp-req-status already exists
2020-05-25 18:00:30,546 [Worker-2: Importing Maven projects] ERROR o.e.m.c.i.p.ProjectConfigurationManager - Project compliance-filestore already exists
2020-05-25 18:00:35,005 [Worker-2: Importing Maven projects] INFO  o.e.m.c.i.l.LifecycleMappingFactory - Using org.maven.ide.eclipse.wtp.WarLifecycleMapping lifecycle mapping for MavenProject: com.filestore:compliance-filestore:1.0 @ B:\Projects\RevGEn\ccpa-services\compliance-filestore\pom.xml.
2020-05-25 18:00:39,707 [Worker-2: Importing Maven projects] INFO  o.e.m.c.i.l.LifecycleMappingFactory - Using org.eclipse.m2e.jdt.JarLifecycleMapping lifecycle mapping for MavenProject: com.ccpa.comprulescheck:comp-rules-check:0.0.1-SNAPSHOT @ B:\Projects\RevGEn\eclipse-workspace\comp-rules-check\pom.xml.
2020-05-25 18:00:42,047 [Worker-2: Importing Maven projects] INFO  o.e.m.c.i.l.LifecycleMappingFactory - Using org.maven.ide.eclipse.wtp.WarLifecycleMapping lifecycle mapping for MavenProject: com.charter.qc:qc-scheduler:0.0.1-SNAPSHOT @ B:\Projects\RevGEn\eclipse-workspace\qc-scheduler\pom.xml.
2020-05-25 18:00:42,306 [Worker-2: Importing Maven projects] INFO  o.e.m.c.i.l.LifecycleMappingFactory - Using org.eclipse.m2e.jdt.JarLifecycleMapping lifecycle mapping for MavenProject: com.programmer.gate:comp-req-dtls:0.0.1-SNAPSHOT @ B:\Projects\RevGEn\ccpa-services\comp-req-dtls\pom.xml.
2020-05-25 18:00:42,597 [Worker-2: Importing Maven projects] INFO  o.e.m.c.i.l.LifecycleMappingFactory - Using org.eclipse.m2e.jdt.JarLifecycleMapping lifecycle mapping for MavenProject: com.sftp.app:com-sftp-util-service:0.0.1-SNAPSHOT @ B:\Projects\RevGEn\ccpa-services\com-sftp-util-service\pom.xml.
2020-05-25 18:00:42,832 [Worker-2: Importing Maven projects] INFO  o.e.m.c.i.l.LifecycleMappingFactory - Using org.eclipse.m2e.jdt.JarLifecycleMapping lifecycle mapping for MavenProject: com.sharefile:comp-citrix-sharefile:0.0.1-SNAPSHOT @ B:\Projects\RevGEn\ccpa-services\comp-citrix-sharefile\pom.xml.
2020-05-25 18:00:43,183 [Worker-2: Importing Maven projects] INFO  o.e.m.c.i.l.LifecycleMappingFactory - Using org.eclipse.m2e.jdt.JarLifecycleMapping lifecycle mapping for MavenProject: com.citrix.sftp.util.service:com-citrix-sftp-util-service:0.0.1-SNAPSHOT @ B:\Projects\RevGEn\eclipse-workspace\com-citrix-sftp-util-service\pom.xml.
2020-05-25 18:00:43,522 [Worker-2: Importing Maven projects] INFO  o.e.m.c.i.e.AbstractTransferListenerAdapter - Downloading https://repo.maven.apache.org/maven2/org/springframework/boot/spring-boot-starter-security/2.2.1.RELEASE/spring-boot-starter-security-2.2.1.RELEASE.pom
2020-05-25 18:00:43,588 [Worker-2: Importing Maven projects] INFO  o.e.m.c.i.e.AbstractTransferListenerAdapter - Downloaded https://repo.maven.apache.org/maven2/org/springframework/boot/spring-boot-starter-security/2.2.1.RELEASE/spring-boot-starter-security-2.2.1.RELEASE.pom
2020-05-25 18:00:43,650 [Worker-2: Importing Maven projects] INFO  o.e.m.c.i.e.AbstractTransferListenerAdapter - Downloading https://repo.maven.apache.org/maven2/org/springframework/security/spring-security-config/5.2.1.RELEASE/spring-security-config-5.2.1.RELEASE.pom
2020-05-25 18:00:43,726 [Worker-2: Importing Maven projects] INFO  o.e.m.c.i.e.AbstractTransferListenerAdapter - Downloaded https://repo.maven.apache.org/maven2/org/springframework/security/spring-security-config/5.2.1.RELEASE/spring-security-config-5.2.1.RELEASE.pom
2020-05-25 18:00:43,795 [Worker-2: Importing Maven projects] INFO  o.e.m.c.i.e.AbstractTransferListenerAdapter - Downloading https://repo.maven.apache.org/maven2/org/springframework/security/spring-security-core/5.2.1.RELEASE/spring-security-core-5.2.1.RELEASE.pom
2020-05-25 18:00:43,856 [Worker-2: Importing Maven projects] INFO  o.e.m.c.i.e.AbstractTransferListenerAdapter - Downloaded https://repo.maven.apache.org/maven2/org/springframework/security/spring-security-core/5.2.1.RELEASE/spring-security-core-5.2.1.RELEASE.pom
2020-05-25 18:00:43,958 [Worker-2: Importing Maven projects] INFO  o.e.m.c.i.e.AbstractTransferListenerAdapter - Downloading https://repo.maven.apache.org/maven2/org/springframework/security/spring-security-web/5.2.1.RELEASE/spring-security-web-5.2.1.RELEASE.pom
2020-05-25 18:00:44,040 [Worker-2: Importing Maven projects] INFO  o.e.m.c.i.e.AbstractTransferListenerAdapter - Downloaded https://repo.maven.apache.org/maven2/org/springframework/security/spring-security-web/5.2.1.RELEASE/spring-security-web-5.2.1.RELEASE.pom
2020-05-25 18:00:44,397 [Worker-2: Importing Maven projects] INFO  o.e.m.c.i.e.AbstractTransferListenerAdapter - Downloading https://repo.maven.apache.org/maven2/org/springframework/security/spring-security-test/5.2.1.RELEASE/spring-security-test-5.2.1.RELEASE.pom
2020-05-25 18:00:44,436 [Worker-2: Importing Maven projects] INFO  o.e.m.c.i.e.AbstractTransferListenerAdapter - Downloaded https://repo.maven.apache.org/maven2/org/springframework/security/spring-security-test/5.2.1.RELEASE/spring-security-test-5.2.1.RELEASE.pom
2020-05-25 18:00:44,556 [Worker-2: Importing Maven projects] INFO  o.e.m.c.i.e.AbstractTransferListenerAdapter - Downloading https://repo.maven.apache.org/maven2/org/springframework/boot/spring-boot-starter-security/2.2.1.RELEASE/spring-boot-starter-security-2.2.1.RELEASE.jar
2020-05-25 18:00:44,595 [Worker-2: Importing Maven projects] INFO  o.e.m.c.i.e.AbstractTransferListenerAdapter - Downloaded https://repo.maven.apache.org/maven2/org/springframework/boot/spring-boot-starter-security/2.2.1.RELEASE/spring-boot-starter-security-2.2.1.RELEASE.jar
2020-05-25 18:00:44,621 [Worker-2: Importing Maven projects] INFO  o.e.m.c.i.e.AbstractTransferListenerAdapter - Downloading https://repo.maven.apache.org/maven2/org/springframework/security/spring-security-config/5.2.1.RELEASE/spring-security-config-5.2.1.RELEASE.jar
2020-05-25 18:00:44,961 [Worker-2: Importing Maven projects] INFO  o.e.m.c.i.e.AbstractTransferListenerAdapter - Downloaded https://repo.maven.apache.org/maven2/org/springframework/security/spring-security-config/5.2.1.RELEASE/spring-security-config-5.2.1.RELEASE.jar
2020-05-25 18:00:44,986 [Worker-2: Importing Maven projects] INFO  o.e.m.c.i.e.AbstractTransferListenerAdapter - Downloading https://repo.maven.apache.org/maven2/org/springframework/security/spring-security-web/5.2.1.RELEASE/spring-security-web-5.2.1.RELEASE.jar
2020-05-25 18:00:45,237 [Worker-2: Importing Maven projects] INFO  o.e.m.c.i.e.AbstractTransferListenerAdapter - Downloaded https://repo.maven.apache.org/maven2/org/springframework/security/spring-security-web/5.2.1.RELEASE/spring-security-web-5.2.1.RELEASE.jar
2020-05-25 18:00:45,258 [Worker-2: Importing Maven projects] INFO  o.e.m.c.i.e.AbstractTransferListenerAdapter - Downloading https://repo.maven.apache.org/maven2/org/springframework/security/spring-security-test/5.2.1.RELEASE/spring-security-test-5.2.1.RELEASE.jar
2020-05-25 18:00:45,332 [Worker-2: Importing Maven projects] INFO  o.e.m.c.i.e.AbstractTransferListenerAdapter - Downloaded https://repo.maven.apache.org/maven2/org/springframework/security/spring-security-test/5.2.1.RELEASE/spring-security-test-5.2.1.RELEASE.jar
2020-05-25 18:00:45,356 [Worker-2: Importing Maven projects] INFO  o.e.m.c.i.e.AbstractTransferListenerAdapter - Downloading https://repo.maven.apache.org/maven2/org/springframework/security/spring-security-core/5.2.1.RELEASE/spring-security-core-5.2.1.RELEASE.jar
2020-05-25 18:00:45,595 [Worker-2: Importing Maven projects] INFO  o.e.m.c.i.e.AbstractTransferListenerAdapter - Downloaded https://repo.maven.apache.org/maven2/org/springframework/security/spring-security-core/5.2.1.RELEASE/spring-security-core-5.2.1.RELEASE.jar
2020-05-25 18:00:46,211 [Worker-2: Importing Maven projects] WARN  o.e.a.i.i.DefaultRepositoryEventDispatcher - Failed to dispatch repository event to org.eclipse.m2e.core.internal.embedder.EclipseRepositoryListener: null
2020-05-25 18:00:46,774 [Worker-2: Importing Maven projects] INFO  o.e.m.c.i.l.LifecycleMappingFactory - Using org.eclipse.m2e.jdt.JarLifecycleMapping lifecycle mapping for MavenProject: com.programmer.gate:comp-req-status:0.0.1-SNAPSHOT @ B:\Projects\RevGEn\ccpa-services\com-req-status\pom.xml.
2020-05-25 18:00:46,979 [Worker-2: Importing Maven projects] INFO  o.e.m.c.i.l.LifecycleMappingFactory - Using org.eclipse.m2e.jdt.JarLifecycleMapping lifecycle mapping for MavenProject: com.json:jsonCall:0.0.1-SNAPSHOT @ B:\Projects\RevGEn\eclipse-workspace\jsonCall\pom.xml.
2020-05-25 18:00:47,271 [Worker-2: Importing Maven projects] INFO  o.e.m.c.i.l.LifecycleMappingFactory - Using org.maven.ide.eclipse.wtp.WarLifecycleMapping lifecycle mapping for MavenProject: com.charter.qcdata:qcdata-generator:0.0.1-SNAPSHOT @ B:\Projects\RevGEn\eclipse-workspace\qcdata-generator\pom.xml.
2020-05-25 18:00:47,590 [Worker-2: Importing Maven projects] INFO  o.e.m.c.i.l.LifecycleMappingFactory - Using org.eclipse.m2e.jdt.JarLifecycleMapping lifecycle mapping for MavenProject: com.sftp.app:comp-sftp-service:0.0.1-SNAPSHOT @ B:\Projects\RevGEn\eclipse-workspace\comp-sftp-service\pom.xml.
2020-05-25 18:00:47,878 [Worker-2: Importing Maven projects] INFO  o.e.m.c.i.l.LifecycleMappingFactory - Using org.maven.ide.eclipse.wtp.WarLifecycleMapping lifecycle mapping for MavenProject: com.api.bhoomi:bhoomi-rest-api:0.0.1-SNAPSHOT @ B:\Projects\RevGEn\ccpa-services\bhoomi-rest-api\pom.xml.
2020-05-25 18:00:58,919 [Worker-2: Importing Maven projects] INFO  o.e.m.j.i.AbstractJavaProjectConfigurator - Adding source folder /comp-req-status/src/main/java
2020-05-25 18:00:58,919 [Worker-2: Importing Maven projects] INFO  o.e.m.j.i.AbstractJavaProjectConfigurator - Adding resource folder /comp-req-status/src/main/resources
2020-05-25 18:00:58,919 [Worker-2: Importing Maven projects] INFO  o.e.m.j.i.AbstractJavaProjectConfigurator - Adding resource folder /comp-req-status/src/main/resources
2020-05-25 18:00:58,920 [Worker-2: Importing Maven projects] INFO  o.e.m.j.i.AbstractJavaProjectConfigurator - Adding source folder /comp-req-status/src/test/java
2020-05-25 18:00:58,920 [Worker-2: Importing Maven projects] INFO  o.e.m.j.i.AbstractJavaProjectConfigurator - Adding resource folder /comp-req-status/src/test/resources
2020-05-25 18:00:59,199 [Worker-2: Importing Maven projects] INFO  o.e.m.j.i.AbstractJavaProjectConfigurator - Adding source folder /qcdata-generator/src/main/java
2020-05-25 18:00:59,199 [Worker-2: Importing Maven projects] INFO  o.e.m.j.i.AbstractJavaProjectConfigurator - Adding resource folder /qcdata-generator/src/main/resources
2020-05-25 18:00:59,199 [Worker-2: Importing Maven projects] INFO  o.e.m.j.i.AbstractJavaProjectConfigurator - Adding resource folder /qcdata-generator/src/main/resources
2020-05-25 18:00:59,200 [Worker-2: Importing Maven projects] INFO  o.e.m.j.i.AbstractJavaProjectConfigurator - Adding source folder /qcdata-generator/src/test/java
2020-05-25 18:01:00,338 [Worker-3: Download sources and javadoc] INFO  o.e.m.c.i.e.AbstractTransferListenerAdapter - Downloading https://repo.maven.apache.org/maven2/org/springframework/boot/spring-boot-starter-security/2.2.1.RELEASE/spring-boot-starter-security-2.2.1.RELEASE-sources.jar
2020-05-25 18:01:00,405 [Worker-3: Download sources and javadoc] INFO  o.e.m.c.i.e.AbstractTransferListenerAdapter - Downloaded https://repo.maven.apache.org/maven2/org/springframework/boot/spring-boot-starter-security/2.2.1.RELEASE/spring-boot-starter-security-2.2.1.RELEASE-sources.jar
2020-05-25 18:01:00,408 [Worker-0: Updating Maven Dependencies] INFO  o.e.m.c.i.l.LifecycleMappingFactory - Using org.maven.ide.eclipse.wtp.WarLifecycleMapping lifecycle mapping for MavenProject: com.charter.qcdata:qcdata-generator:0.0.1-SNAPSHOT @ B:\Projects\RevGEn\eclipse-workspace\qcdata-generator\pom.xml.
2020-05-25 18:01:00,906 [Worker-3: Download sources and javadoc] INFO  o.e.m.j.internal.DownloadSourcesJob - Downloaded sources for org.springframework.boot:spring-boot-starter-security:2.2.1.RELEASE
2020-05-25 18:01:01,257 [Worker-3: Download sources and javadoc] INFO  o.e.m.c.i.e.AbstractTransferListenerAdapter - Downloading https://repo.maven.apache.org/maven2/org/springframework/security/spring-security-config/5.2.1.RELEASE/spring-security-config-5.2.1.RELEASE-sources.jar
2020-05-25 18:01:01,662 [Worker-3: Download sources and javadoc] INFO  o.e.m.c.i.e.AbstractTransferListenerAdapter - Downloaded https://repo.maven.apache.org/maven2/org/springframework/security/spring-security-config/5.2.1.RELEASE/spring-security-config-5.2.1.RELEASE-sources.jar
2020-05-25 18:01:01,960 [Worker-3: Download sources and javadoc] INFO  o.e.m.j.internal.DownloadSourcesJob - Downloaded sources for org.springframework.security:spring-security-config:5.2.1.RELEASE
2020-05-25 18:01:02,108 [Worker-3: Download sources and javadoc] INFO  o.e.m.c.i.e.AbstractTransferListenerAdapter - Downloading https://repo.maven.apache.org/maven2/org/springframework/security/spring-security-web/5.2.1.RELEASE/spring-security-web-5.2.1.RELEASE-sources.jar
2020-05-25 18:01:02,154 [Worker-2: Importing Maven projects] INFO  o.e.m.j.i.AbstractJavaProjectConfigurator - Adding source folder /com-sftp-util-service/src/main/java
2020-05-25 18:01:02,155 [Worker-2: Importing Maven projects] INFO  o.e.m.j.i.AbstractJavaProjectConfigurator - Adding source folder /com-sftp-util-service/src/test/java
2020-05-25 18:01:02,409 [Worker-3: Download sources and javadoc] INFO  o.e.m.c.i.e.AbstractTransferListenerAdapter - Downloaded https://repo.maven.apache.org/maven2/org/springframework/security/spring-security-web/5.2.1.RELEASE/spring-security-web-5.2.1.RELEASE-sources.jar
2020-05-25 18:01:02,509 [Worker-2: Importing Maven projects] INFO  o.e.m.j.i.AbstractJavaProjectConfigurator - Adding source folder /comp-sftp-service/src/main/java
2020-05-25 18:01:02,510 [Worker-2: Importing Maven projects] INFO  o.e.m.j.i.AbstractJavaProjectConfigurator - Adding source folder /comp-sftp-service/src/test/java
2020-05-25 18:01:02,723 [Worker-3: Download sources and javadoc] INFO  o.e.m.j.internal.DownloadSourcesJob - Downloaded sources for org.springframework.security:spring-security-web:5.2.1.RELEASE
2020-05-25 18:01:02,848 [Worker-3: Download sources and javadoc] INFO  o.e.m.c.i.e.AbstractTransferListenerAdapter - Downloading https://repo.maven.apache.org/maven2/org/springframework/security/spring-security-test/5.2.1.RELEASE/spring-security-test-5.2.1.RELEASE-sources.jar
2020-05-25 18:01:03,153 [Worker-3: Download sources and javadoc] INFO  o.e.m.c.i.e.AbstractTransferListenerAdapter - Downloaded https://repo.maven.apache.org/maven2/org/springframework/security/spring-security-test/5.2.1.RELEASE/spring-security-test-5.2.1.RELEASE-sources.jar
2020-05-25 18:01:03,352 [Worker-3: Download sources and javadoc] INFO  o.e.m.j.internal.DownloadSourcesJob - Downloaded sources for org.springframework.security:spring-security-test:5.2.1.RELEASE
2020-05-25 18:01:03,489 [Worker-3: Download sources and javadoc] INFO  o.e.m.c.i.e.AbstractTransferListenerAdapter - Downloading https://repo.maven.apache.org/maven2/org/springframework/security/spring-security-core/5.2.1.RELEASE/spring-security-core-5.2.1.RELEASE-sources.jar
2020-05-25 18:01:03,803 [Worker-3: Download sources and javadoc] INFO  o.e.m.c.i.e.AbstractTransferListenerAdapter - Downloaded https://repo.maven.apache.org/maven2/org/springframework/security/spring-security-core/5.2.1.RELEASE/spring-security-core-5.2.1.RELEASE-sources.jar
2020-05-25 18:01:04,163 [Worker-3: Download sources and javadoc] INFO  o.e.m.j.internal.DownloadSourcesJob - Downloaded sources for org.springframework.security:spring-security-core:5.2.1.RELEASE
2020-05-25 18:01:04,603 [Worker-2: Importing Maven projects] INFO  o.e.m.j.i.AbstractJavaProjectConfigurator - Adding source folder /comp-citrix-sharefile/src/main/java
2020-05-25 18:01:04,604 [Worker-2: Importing Maven projects] INFO  o.e.m.j.i.AbstractJavaProjectConfigurator - Adding source folder /comp-citrix-sharefile/src/test/java
2020-05-25 18:01:04,909 [Worker-2: Importing Maven projects] INFO  o.e.m.j.i.AbstractJavaProjectConfigurator - Adding source folder /comp-req-dtls/src/main/java
2020-05-25 18:01:04,910 [Worker-2: Importing Maven projects] INFO  o.e.m.j.i.AbstractJavaProjectConfigurator - Adding resource folder /comp-req-dtls/src/main/resources
2020-05-25 18:01:04,910 [Worker-2: Importing Maven projects] INFO  o.e.m.j.i.AbstractJavaProjectConfigurator - Adding resource folder /comp-req-dtls/src/main/resources
2020-05-25 18:01:04,911 [Worker-2: Importing Maven projects] INFO  o.e.m.j.i.AbstractJavaProjectConfigurator - Adding source folder /comp-req-dtls/src/test/java
2020-05-25 18:01:04,911 [Worker-2: Importing Maven projects] INFO  o.e.m.j.i.AbstractJavaProjectConfigurator - Adding resource folder /comp-req-dtls/src/test/resources
2020-05-25 18:01:05,658 [Worker-2: Importing Maven projects] INFO  o.e.m.j.i.AbstractJavaProjectConfigurator - Adding source folder /com-citrix-sftp-util-service/src/main/java
2020-05-25 18:01:05,658 [Worker-2: Importing Maven projects] INFO  o.e.m.j.i.AbstractJavaProjectConfigurator - Adding resource folder /com-citrix-sftp-util-service/src/main/resources
2020-05-25 18:01:05,658 [Worker-2: Importing Maven projects] INFO  o.e.m.j.i.AbstractJavaProjectConfigurator - Adding resource folder /com-citrix-sftp-util-service/src/main/resources
2020-05-25 18:01:05,659 [Worker-2: Importing Maven projects] INFO  o.e.m.j.i.AbstractJavaProjectConfigurator - Adding source folder /com-citrix-sftp-util-service/src/test/java
2020-05-25 18:01:06,245 [Worker-2: Importing Maven projects] INFO  o.e.m.j.i.AbstractJavaProjectConfigurator - Adding source folder /comp-rules-check/src/main/java
2020-05-25 18:01:06,245 [Worker-2: Importing Maven projects] INFO  o.e.m.j.i.AbstractJavaProjectConfigurator - Adding resource folder /comp-rules-check/src/main/resources
2020-05-25 18:01:06,246 [Worker-2: Importing Maven projects] INFO  o.e.m.j.i.AbstractJavaProjectConfigurator - Adding resource folder /comp-rules-check/src/main/resources
2020-05-25 18:01:06,247 [Worker-2: Importing Maven projects] INFO  o.e.m.j.i.AbstractJavaProjectConfigurator - Adding source folder /comp-rules-check/src/test/java
2020-05-25 18:01:07,002 [Worker-2: Importing Maven projects] INFO  o.e.m.j.i.AbstractJavaProjectConfigurator - Adding source folder /jsonCall/src/main/java
2020-05-25 18:01:07,003 [Worker-2: Importing Maven projects] INFO  o.e.m.j.i.AbstractJavaProjectConfigurator - Adding source folder /jsonCall/src/test/java
2020-05-25 18:01:07,145 [Worker-2: Importing Maven projects] INFO  o.e.m.j.i.AbstractJavaProjectConfigurator - Adding source folder /qc-scheduler/src/main/java
2020-05-25 18:01:07,146 [Worker-2: Importing Maven projects] INFO  o.e.m.j.i.AbstractJavaProjectConfigurator - Adding resource folder /qc-scheduler/src/main/resources
2020-05-25 18:01:07,146 [Worker-2: Importing Maven projects] INFO  o.e.m.j.i.AbstractJavaProjectConfigurator - Adding resource folder /qc-scheduler/src/main/resources
2020-05-25 18:01:07,147 [Worker-2: Importing Maven projects] INFO  o.e.m.j.i.AbstractJavaProjectConfigurator - Adding source folder /qc-scheduler/src/test/java
2020-05-25 18:01:08,944 [Worker-2: Importing Maven projects] INFO  o.e.m.j.i.AbstractJavaProjectConfigurator - Adding source folder /bhoomi-rest-api/src/main/java
2020-05-25 18:01:08,944 [Worker-2: Importing Maven projects] INFO  o.e.m.j.i.AbstractJavaProjectConfigurator - Adding source folder /bhoomi-rest-api/src/test/java
2020-05-25 18:01:09,457 [Worker-2: Importing Maven projects] INFO  o.e.m.j.i.AbstractJavaProjectConfigurator - Adding source folder /compliance-filestore/src/main/java
2020-05-25 18:01:09,458 [Worker-2: Importing Maven projects] INFO  o.e.m.j.i.AbstractJavaProjectConfigurator - Adding resource folder /compliance-filestore/src/main/resources
2020-05-25 18:01:09,458 [Worker-2: Importing Maven projects] INFO  o.e.m.j.i.AbstractJavaProjectConfigurator - Adding resource folder /compliance-filestore/src/main/resources
2020-05-25 18:01:09,459 [Worker-2: Importing Maven projects] INFO  o.e.m.j.i.AbstractJavaProjectConfigurator - Adding source folder /compliance-filestore/src/test/java
2020-05-25 18:01:10,029 [Worker-2: Importing Maven projects] INFO  o.e.m.c.i.p.ProjectConfigurationManager - Imported and configured 19 project(s) in 40 sec
2020-05-25 18:01:14,755 [Worker-4: Building workspace] INFO  o.e.m.c.i.embedder.EclipseLogger - Using 'UTF-8' encoding to copy filtered resources.
2020-05-25 18:01:14,756 [Worker-4: Building workspace] INFO  o.e.m.c.i.embedder.EclipseLogger - skip non existing resourceDirectory B:\Projects\RevGEn\ccpa-services\bhoomi-rest-api\src\main\resources
2020-05-25 18:01:14,756 [Worker-4: Building workspace] INFO  o.e.m.c.i.embedder.EclipseLogger - skip non existing resourceDirectory B:\Projects\RevGEn\ccpa-services\bhoomi-rest-api\src\main\resources
2020-05-25 18:01:14,758 [Worker-4: Building workspace] INFO  o.e.m.c.i.embedder.EclipseLogger - Using 'UTF-8' encoding to copy filtered resources.
2020-05-25 18:01:14,758 [Worker-4: Building workspace] INFO  o.e.m.c.i.embedder.EclipseLogger - skip non existing resourceDirectory B:\Projects\RevGEn\ccpa-services\bhoomi-rest-api\src\test\resources
2020-05-25 18:01:15,161 [Worker-4: Building workspace] INFO  o.e.m.c.i.embedder.EclipseLogger - Using 'UTF-8' encoding to copy filtered resources.
2020-05-25 18:01:15,161 [Worker-4: Building workspace] INFO  o.e.m.c.i.embedder.EclipseLogger - Copying 1 resource
2020-05-25 18:01:15,162 [Worker-4: Building workspace] INFO  o.e.m.c.i.embedder.EclipseLogger - Copying 0 resource
2020-05-25 18:01:15,165 [Worker-4: Building workspace] INFO  o.e.m.c.i.embedder.EclipseLogger - Using 'UTF-8' encoding to copy filtered resources.
2020-05-25 18:01:15,165 [Worker-4: Building workspace] INFO  o.e.m.c.i.embedder.EclipseLogger - skip non existing resourceDirectory B:\Projects\RevGEn\eclipse-workspace\com-citrix-sftp-util-service\src\test\resources
2020-05-25 18:01:16,724 [Worker-4: Building workspace] INFO  o.e.m.c.i.embedder.EclipseLogger - Using 'UTF-8' encoding to copy filtered resources.
2020-05-25 18:01:16,725 [Worker-4: Building workspace] INFO  o.e.m.c.i.embedder.EclipseLogger - skip non existing resourceDirectory B:\Projects\RevGEn\ccpa-services\com-sftp-util-service\src\main\resources
2020-05-25 18:01:16,725 [Worker-4: Building workspace] INFO  o.e.m.c.i.embedder.EclipseLogger - skip non existing resourceDirectory B:\Projects\RevGEn\ccpa-services\com-sftp-util-service\src\main\resources
2020-05-25 18:01:16,727 [Worker-4: Building workspace] INFO  o.e.m.c.i.embedder.EclipseLogger - Using 'UTF-8' encoding to copy filtered resources.
2020-05-25 18:01:16,727 [Worker-4: Building workspace] INFO  o.e.m.c.i.embedder.EclipseLogger - skip non existing resourceDirectory B:\Projects\RevGEn\ccpa-services\com-sftp-util-service\src\test\resources
2020-05-25 18:01:17,466 [Worker-4: Building workspace] INFO  o.e.m.c.i.embedder.EclipseLogger - Using 'UTF-8' encoding to copy filtered resources.
2020-05-25 18:01:17,467 [Worker-4: Building workspace] INFO  o.e.m.c.i.embedder.EclipseLogger - skip non existing resourceDirectory B:\Projects\RevGEn\ccpa-services\comp-citrix-sharefile\src\main\resources
2020-05-25 18:01:17,467 [Worker-4: Building workspace] INFO  o.e.m.c.i.embedder.EclipseLogger - skip non existing resourceDirectory B:\Projects\RevGEn\ccpa-services\comp-citrix-sharefile\src\main\resources
2020-05-25 18:01:17,470 [Worker-4: Building workspace] INFO  o.e.m.c.i.embedder.EclipseLogger - Using 'UTF-8' encoding to copy filtered resources.
2020-05-25 18:01:17,470 [Worker-4: Building workspace] INFO  o.e.m.c.i.embedder.EclipseLogger - skip non existing resourceDirectory B:\Projects\RevGEn\ccpa-services\comp-citrix-sharefile\src\test\resources
2020-05-25 18:01:20,158 [Worker-4: Building workspace] INFO  o.e.m.c.i.embedder.EclipseLogger - Using 'UTF-8' encoding to copy filtered resources.
2020-05-25 18:01:20,159 [Worker-4: Building workspace] INFO  o.e.m.c.i.embedder.EclipseLogger - Copying 1 resource
2020-05-25 18:01:20,179 [Worker-4: Building workspace] INFO  o.e.m.c.i.embedder.EclipseLogger - Copying 0 resource
2020-05-25 18:01:20,181 [Worker-4: Building workspace] INFO  o.e.m.c.i.embedder.EclipseLogger - Using 'UTF-8' encoding to copy filtered resources.
2020-05-25 18:01:20,182 [Worker-4: Building workspace] INFO  o.e.m.c.i.embedder.EclipseLogger - Copying 1 resource
2020-05-25 18:01:21,843 [Worker-4: Building workspace] INFO  o.e.m.c.i.embedder.EclipseLogger - Using 'UTF-8' encoding to copy filtered resources.
2020-05-25 18:01:21,843 [Worker-4: Building workspace] INFO  o.e.m.c.i.embedder.EclipseLogger - Copying 1 resource
2020-05-25 18:01:21,867 [Worker-4: Building workspace] INFO  o.e.m.c.i.embedder.EclipseLogger - Copying 0 resource
2020-05-25 18:01:21,869 [Worker-4: Building workspace] INFO  o.e.m.c.i.embedder.EclipseLogger - Using 'UTF-8' encoding to copy filtered resources.
2020-05-25 18:01:21,870 [Worker-4: Building workspace] INFO  o.e.m.c.i.embedder.EclipseLogger - Copying 1 resource
2020-05-25 18:01:23,962 [Worker-4: Building workspace] INFO  o.e.m.c.i.embedder.EclipseLogger - Using 'UTF-8' encoding to copy filtered resources.
2020-05-25 18:01:23,962 [Worker-4: Building workspace] INFO  o.e.m.c.i.embedder.EclipseLogger - Copying 1 resource
2020-05-25 18:01:23,973 [Worker-4: Building workspace] INFO  o.e.m.c.i.embedder.EclipseLogger - Copying 0 resource
2020-05-25 18:01:23,976 [Worker-4: Building workspace] INFO  o.e.m.c.i.embedder.EclipseLogger - Using 'UTF-8' encoding to copy filtered resources.
2020-05-25 18:01:23,976 [Worker-4: Building workspace] INFO  o.e.m.c.i.embedder.EclipseLogger - skip non existing resourceDirectory B:\Projects\RevGEn\eclipse-workspace\comp-rules-check\src\test\resources
2020-05-25 18:01:25,429 [Worker-4: Building workspace] INFO  o.e.m.c.i.embedder.EclipseLogger - Using 'UTF-8' encoding to copy filtered resources.
2020-05-25 18:01:25,429 [Worker-4: Building workspace] INFO  o.e.m.c.i.embedder.EclipseLogger - skip non existing resourceDirectory B:\Projects\RevGEn\eclipse-workspace\comp-sftp-service\src\main\resources
2020-05-25 18:01:25,429 [Worker-4: Building workspace] INFO  o.e.m.c.i.embedder.EclipseLogger - skip non existing resourceDirectory B:\Projects\RevGEn\eclipse-workspace\comp-sftp-service\src\main\resources
2020-05-25 18:01:25,432 [Worker-4: Building workspace] INFO  o.e.m.c.i.embedder.EclipseLogger - Using 'UTF-8' encoding to copy filtered resources.
2020-05-25 18:01:25,432 [Worker-4: Building workspace] INFO  o.e.m.c.i.embedder.EclipseLogger - skip non existing resourceDirectory B:\Projects\RevGEn\eclipse-workspace\comp-sftp-service\src\test\resources
2020-05-25 18:01:27,132 [Worker-4: Building workspace] INFO  o.e.m.c.i.embedder.EclipseLogger - Using 'UTF-8' encoding to copy filtered resources.
2020-05-25 18:01:27,133 [Worker-4: Building workspace] INFO  o.e.m.c.i.embedder.EclipseLogger - Copying 4 resources
2020-05-25 18:01:27,145 [Worker-4: Building workspace] INFO  o.e.m.c.i.embedder.EclipseLogger - Copying 1 resource
2020-05-25 18:01:27,202 [Worker-4: Building workspace] INFO  o.e.m.c.i.embedder.EclipseLogger - Using 'UTF-8' encoding to copy filtered resources.
2020-05-25 18:01:27,202 [Worker-4: Building workspace] INFO  o.e.m.c.i.embedder.EclipseLogger - skip non existing resourceDirectory B:\Projects\RevGEn\ccpa-services\compliance-filestore\src\test\resources
2020-05-25 18:01:27,331 [Worker-4: Building workspace] INFO  o.e.m.c.i.embedder.EclipseLogger - Using 'UTF-8' encoding to copy filtered resources.
2020-05-25 18:01:27,332 [Worker-4: Building workspace] INFO  o.e.m.c.i.embedder.EclipseLogger - skip non existing resourceDirectory B:\Projects\RevGEn\eclipse-workspace\jsonCall\src\main\resources
2020-05-25 18:01:27,333 [Worker-4: Building workspace] INFO  o.e.m.c.i.embedder.EclipseLogger - Using 'UTF-8' encoding to copy filtered resources.
2020-05-25 18:01:27,334 [Worker-4: Building workspace] INFO  o.e.m.c.i.embedder.EclipseLogger - skip non existing resourceDirectory B:\Projects\RevGEn\eclipse-workspace\jsonCall\src\test\resources
2020-05-25 18:01:28,833 [Worker-4: Building workspace] INFO  o.e.m.c.i.embedder.EclipseLogger - Using 'UTF-8' encoding to copy filtered resources.
2020-05-25 18:01:28,834 [Worker-4: Building workspace] INFO  o.e.m.c.i.embedder.EclipseLogger - Copying 1 resource
2020-05-25 18:01:28,843 [Worker-4: Building workspace] INFO  o.e.m.c.i.embedder.EclipseLogger - Copying 0 resource
2020-05-25 18:01:28,845 [Worker-4: Building workspace] INFO  o.e.m.c.i.embedder.EclipseLogger - Using 'UTF-8' encoding to copy filtered resources.
2020-05-25 18:01:28,846 [Worker-4: Building workspace] INFO  o.e.m.c.i.embedder.EclipseLogger - skip non existing resourceDirectory B:\Projects\RevGEn\eclipse-workspace\qc-scheduler\src\test\resources
2020-05-25 18:01:30,132 [Worker-4: Building workspace] INFO  o.e.m.c.i.embedder.EclipseLogger - Using 'UTF-8' encoding to copy filtered resources.
2020-05-25 18:01:30,133 [Worker-4: Building workspace] INFO  o.e.m.c.i.embedder.EclipseLogger - Copying 1 resource
2020-05-25 18:01:30,142 [Worker-4: Building workspace] INFO  o.e.m.c.i.embedder.EclipseLogger - Copying 0 resource
2020-05-25 18:01:30,145 [Worker-4: Building workspace] INFO  o.e.m.c.i.embedder.EclipseLogger - Using 'UTF-8' encoding to copy filtered resources.
2020-05-25 18:01:30,145 [Worker-4: Building workspace] INFO  o.e.m.c.i.embedder.EclipseLogger - skip non existing resourceDirectory B:\Projects\RevGEn\eclipse-workspace\qcdata-generator\src\test\resources
2020-05-25 18:57:33,988 [Worker-6: Building workspace] INFO  o.e.m.c.i.embedder.EclipseLogger - Using 'UTF-8' encoding to copy filtered resources.
2020-05-25 18:57:33,990 [Worker-6: Building workspace] INFO  o.e.m.c.i.embedder.EclipseLogger - Copying 0 resource
2020-05-25 18:57:33,991 [Worker-6: Building workspace] INFO  o.e.m.c.i.embedder.EclipseLogger - Copying 0 resource
